This is pdfTeX, Version 3.1415926-2.5-1.40.14 (TeX Live 2013/Arch Linux) (format=pdflatex 2013.9.24)  20 DEC 2013 14:13
entering extended mode
 restricted \write18 enabled.
 file:line:error style messages enabled.
 %&-line parsing enabled.
**booklet
(./booklet.tex
LaTeX2e <2011/06/27>
Babel <3.9f> and hyphenation patterns for 78 languages loaded.
(/usr/share/texmf-dist/tex/latex/base/article.cls
Document Class: article 2007/10/19 v1.4h Standard LaTeX document class
(/usr/share/texmf-dist/tex/latex/base/size10.clo
File: size10.clo 2007/10/19 v1.4h Standard LaTeX file (size option)
)
\c@part=\count79
\c@section=\count80
\c@subsection=\count81
\c@subsubsection=\count82
\c@paragraph=\count83
\c@subparagraph=\count84
\c@figure=\count85
\c@table=\count86
\abovecaptionskip=\skip41
\belowcaptionskip=\skip42
\bibindent=\dimen102
)
(/usr/share/texmf-dist/tex/latex/graphics/color.sty
Package: color 2005/11/14 v1.0j Standard LaTeX Color (DPC)

(/usr/share/texmf-dist/tex/latex/latexconfig/color.cfg
File: color.cfg 2007/01/18 v1.5 color configuration of teTeX/TeXLive
)
Package color Info: Driver file: pdftex.def on input line 130.

(/usr/share/texmf-dist/tex/latex/pdftex-def/pdftex.def
File: pdftex.def 2011/05/27 v0.06d Graphics/color for pdfTeX

(/usr/share/texmf-dist/tex/generic/oberdiek/infwarerr.sty
Package: infwarerr 2010/04/08 v1.3 Providing info/warning/error messages (HO)
)
(/usr/share/texmf-dist/tex/generic/oberdiek/ltxcmds.sty
Package: ltxcmds 2011/11/09 v1.22 LaTeX kernel commands for general use (HO)
)
\Gread@gobject=\count87
))
(/usr/share/texmf-dist/tex/latex/graphics/graphicx.sty
Package: graphicx 1999/02/16 v1.0f Enhanced LaTeX Graphics (DPC,SPQR)

(/usr/share/texmf-dist/tex/latex/graphics/keyval.sty
Package: keyval 1999/03/16 v1.13 key=value parser (DPC)
\KV@toks@=\toks14
)
(/usr/share/texmf-dist/tex/latex/graphics/graphics.sty
Package: graphics 2009/02/05 v1.0o Standard LaTeX Graphics (DPC,SPQR)

(/usr/share/texmf-dist/tex/latex/graphics/trig.sty
Package: trig 1999/03/16 v1.09 sin cos tan (DPC)
)
(/usr/share/texmf-dist/tex/latex/latexconfig/graphics.cfg
File: graphics.cfg 2010/04/23 v1.9 graphics configuration of TeX Live
)
Package graphics Info: Driver file: pdftex.def on input line 91.
)
\Gin@req@height=\dimen103
\Gin@req@width=\dimen104
)
(/usr/share/texmf-dist/tex/latex/graphics/epsfig.sty
Package: epsfig 1999/02/16 v1.7a (e)psfig emulation (SPQR)
\epsfxsize=\dimen105
\epsfysize=\dimen106
)
(/usr/share/texmf-dist/tex/latex/pdfpages/pdfpages.sty
Package: pdfpages 2013/08/25 v0.4v Insert pages of external PDF documents (AM)

(/usr/share/texmf-dist/tex/latex/base/ifthen.sty
Package: ifthen 2001/05/26 v1.1c Standard LaTeX ifthen package (DPC)
)
(/usr/share/texmf-dist/tex/latex/tools/calc.sty
Package: calc 2007/08/22 v4.3 Infix arithmetic (KKT,FJ)
\calc@Acount=\count88
\calc@Bcount=\count89
\calc@Adimen=\dimen107
\calc@Bdimen=\dimen108
\calc@Askip=\skip43
\calc@Bskip=\skip44
LaTeX Info: Redefining \setlength on input line 76.
LaTeX Info: Redefining \addtolength on input line 77.
\calc@Ccount=\count90
\calc@Cskip=\skip45
)
(/usr/share/texmf-dist/tex/latex/eso-pic/eso-pic.sty
Package: eso-pic 2010/10/06 v2.0c eso-pic (RN)

(/usr/share/texmf-dist/tex/generic/oberdiek/atbegshi.sty
Package: atbegshi 2011/10/05 v1.16 At begin shipout hook (HO)

(/usr/share/texmf-dist/tex/generic/oberdiek/ifpdf.sty
Package: ifpdf 2011/01/30 v2.3 Provides the ifpdf switch (HO)
Package ifpdf Info: pdfTeX in PDF mode is detected.
)))
(/usr/share/texmf-dist/tex/latex/pdfpages/pppdftex.def
File: pppdftex.def 2013/08/25 v0.4v Pdfpages driver for pdfTeX (AM)
)
\AM@pagebox=\box26
\AM@toc@title=\toks15
\c@AM@survey=\count91
\AM@templatesizebox=\box27
) (output/booklet.aux)
\openout1 = `booklet.aux'.

LaTeX Font Info:    Checking defaults for OML/cmm/m/it on input line 4.
LaTeX Font Info:    ... okay on input line 4.
LaTeX Font Info:    Checking defaults for T1/cmr/m/n on input line 4.
LaTeX Font Info:    ... okay on input line 4.
LaTeX Font Info:    Checking defaults for OT1/cmr/m/n on input line 4.
LaTeX Font Info:    ... okay on input line 4.
LaTeX Font Info:    Checking defaults for OMS/cmsy/m/n on input line 4.
LaTeX Font Info:    ... okay on input line 4.
LaTeX Font Info:    Checking defaults for OMX/cmex/m/n on input line 4.
LaTeX Font Info:    ... okay on input line 4.
LaTeX Font Info:    Checking defaults for U/cmr/m/n on input line 4.
LaTeX Font Info:    ... okay on input line 4.

(/usr/share/texmf-dist/tex/context/base/supp-pdf.mkii
[Loading MPS to PDF converter (version 2006.09.02).]
\scratchcounter=\count92
\scratchdimen=\dimen109
\scratchbox=\box28
\nofMPsegments=\count93
\nofMParguments=\count94
\everyMPshowfont=\toks16
\MPscratchCnt=\count95
\MPscratchDim=\dimen110
\MPnumerator=\count96
\makeMPintoPDFobject=\count97
\everyMPtoPDFconversion=\toks17
) (/usr/share/texmf-dist/tex/generic/oberdiek/pdftexcmds.sty
Package: pdftexcmds 2011/11/29 v0.20 Utility functions of pdfTeX for LuaTeX (HO
)

(/usr/share/texmf-dist/tex/generic/oberdiek/ifluatex.sty
Package: ifluatex 2010/03/01 v1.3 Provides the ifluatex switch (HO)
Package ifluatex Info: LuaTeX not detected.
)
Package pdftexcmds Info: LuaTeX not detected.
Package pdftexcmds Info: \pdf@primitive is available.
Package pdftexcmds Info: \pdf@ifprimitive is available.
Package pdftexcmds Info: \pdfdraftmode found.
)
(/usr/share/texmf-dist/tex/latex/oberdiek/epstopdf-base.sty
Package: epstopdf-base 2010/02/09 v2.5 Base part for package epstopdf

(/usr/share/texmf-dist/tex/latex/oberdiek/grfext.sty
Package: grfext 2010/08/19 v1.1 Manage graphics extensions (HO)

(/usr/share/texmf-dist/tex/generic/oberdiek/kvdefinekeys.sty
Package: kvdefinekeys 2011/04/07 v1.3 Define keys (HO)
))
(/usr/share/texmf-dist/tex/latex/oberdiek/kvoptions.sty
Package: kvoptions 2011/06/30 v3.11 Key value format for package options (HO)

(/usr/share/texmf-dist/tex/generic/oberdiek/kvsetkeys.sty
Package: kvsetkeys 2012/04/25 v1.16 Key value parser (HO)

(/usr/share/texmf-dist/tex/generic/oberdiek/etexcmds.sty
Package: etexcmds 2011/02/16 v1.5 Avoid name clashes with e-TeX commands (HO)
Package etexcmds Info: Could not find \expanded.
(etexcmds)             That can mean that you are not using pdfTeX 1.50 or
(etexcmds)             that some package has redefined \expanded.
(etexcmds)             In the latter case, load this package earlier.
)))
Package grfext Info: Graphics extension search list:
(grfext)             [.png,.pdf,.jpg,.mps,.jpeg,.jbig2,.jb2,.PNG,.PDF,.JPG,.JPE
G,.JBIG2,.JB2,.eps]
(grfext)             \AppendGraphicsExtensions on input line 452.

(/usr/share/texmf-dist/tex/latex/latexconfig/epstopdf-sys.cfg
File: epstopdf-sys.cfg 2010/07/13 v1.3 Configuration of (r)epstopdf for TeX Liv
e
))
\AtBeginShipoutBox=\box29

<output/sanghaefte13.pdf, id=1, 421.10124pt x 597.50829pt>
File: output/sanghaefte13.pdf Graphic file (type pdf)

<use output/sanghaefte13.pdf>
Package pdftex.def Info: output/sanghaefte13.pdf used on input line 5.
(pdftex.def)             Requested size: 421.1002pt x 597.50682pt.
File: output/sanghaefte13.pdf Graphic file (type pdf)
 <use output/sanghaefte13.pdf>
Package pdftex.def Info: output/sanghaefte13.pdf used on input line 5.
(pdftex.def)             Requested size: 421.1002pt x 597.50682pt.

<output/sanghaefte13.pdf, id=4, page=12, 421.10124pt x 597.50829pt>
File: output/sanghaefte13.pdf Graphic file (type pdf)

<use output/sanghaefte13.pdf, page 12>
Package pdftex.def Info: output/sanghaefte13.pdf, page12 used on input line 5.
(pdftex.def)             Requested size: 421.1002pt x 597.50682pt.
File: output/sanghaefte13.pdf Graphic file (type pdf)
 <use output/sanghaefte13.pdf, page 12>
Package pdftex.def Info: output/sanghaefte13.pdf, page12 used on input line 5.
(pdftex.def)             Requested size: 421.4536pt x 598.00826pt.
File: output/sanghaefte13.pdf Graphic file (type pdf)

<use output/sanghaefte13.pdf, page 12>
Package pdftex.def Info: output/sanghaefte13.pdf, page12 used on input line 5.
(pdftex.def)             Requested size: 421.4536pt x 598.00826pt.
File: output/sanghaefte13.pdf Graphic file (type pdf)
 <use output/sanghaefte13.pdf, page 12>
Package pdftex.def Info: output/sanghaefte13.pdf, page12 used on input line 5.
(pdftex.def)             Requested size: 421.4536pt x 598.00826pt.

<output/sanghaefte13.pdf, id=5, page=1, 421.10124pt x 597.50829pt>
File: output/sanghaefte13.pdf Graphic file (type pdf)

<use output/sanghaefte13.pdf, page 1>
Package pdftex.def Info: output/sanghaefte13.pdf, page1 used on input line 5.
(pdftex.def)             Requested size: 421.4536pt x 598.00826pt.
File: output/sanghaefte13.pdf Graphic file (type pdf)
 <use output/sanghaefte13.pdf, page 1>
Package pdftex.def Info: output/sanghaefte13.pdf, page1 used on input line 5.
(pdftex.def)             Requested size: 421.4536pt x 598.00826pt.
File: output/sanghaefte13.pdf Graphic file (type pdf)

<use output/sanghaefte13.pdf, page 12>
Package pdftex.def Info: output/sanghaefte13.pdf, page12 used on input line 5.
(pdftex.def)             Requested size: 421.4536pt x 598.00826pt.
File: output/sanghaefte13.pdf Graphic file (type pdf)
 <use output/sanghaefte13.pdf, page 1>
Package pdftex.def Info: output/sanghaefte13.pdf, page1 used on input line 5.
(pdftex.def)             Requested size: 421.4536pt x 598.00826pt.

[1

 <./output/sanghaefte13.pdf{/var/lib/texmf/fonts/map/pdftex/updmap/pdftex.map}>
 <./output/sanghaefte13.pdf>]
<output/sanghaefte13.pdf, id=23, page=11, 421.10124pt x 597.50829pt>
File: output/sanghaefte13.pdf Graphic file (type pdf)

<use output/sanghaefte13.pdf, page 11>
Package pdftex.def Info: output/sanghaefte13.pdf, page11 used on input line 5.
(pdftex.def)             Requested size: 421.4536pt x 598.00826pt.
File: output/sanghaefte13.pdf Graphic file (type pdf)
 <use output/sanghaefte13.pdf, page 11>
Package pdftex.def Info: output/sanghaefte13.pdf, page11 used on input line 5.
(pdftex.def)             Requested size: 421.4536pt x 598.00826pt.

<output/sanghaefte13.pdf, id=24, page=2, 421.10124pt x 597.50829pt>
File: output/sanghaefte13.pdf Graphic file (type pdf)

<use output/sanghaefte13.pdf, page 2>
Package pdftex.def Info: output/sanghaefte13.pdf, page2 used on input line 5.
(pdftex.def)             Requested size: 421.4536pt x 598.00826pt.
File: output/sanghaefte13.pdf Graphic file (type pdf)
 <use output/sanghaefte13.pdf, page 2>
Package pdftex.def Info: output/sanghaefte13.pdf, page2 used on input line 5.
(pdftex.def)             Requested size: 421.4536pt x 598.00826pt.
File: output/sanghaefte13.pdf Graphic file (type pdf)

<use output/sanghaefte13.pdf, page 11>
Package pdftex.def Info: output/sanghaefte13.pdf, page11 used on input line 5.
(pdftex.def)             Requested size: 421.4536pt x 598.00826pt.
File: output/sanghaefte13.pdf Graphic file (type pdf)
 <use output/sanghaefte13.pdf, page 2>
Package pdftex.def Info: output/sanghaefte13.pdf, page2 used on input line 5.
(pdftex.def)             Requested size: 421.4536pt x 598.00826pt.

[2 <./output/sanghaefte13.pdf> <./output/sanghaefte13.pdf>]
<output/sanghaefte13.pdf, id=48, page=10, 421.10124pt x 597.50829pt>
File: output/sanghaefte13.pdf Graphic file (type pdf)

<use output/sanghaefte13.pdf, page 10>
Package pdftex.def Info: output/sanghaefte13.pdf, page10 used on input line 5.
(pdftex.def)             Requested size: 421.4536pt x 598.00826pt.
File: output/sanghaefte13.pdf Graphic file (type pdf)
 <use output/sanghaefte13.pdf, page 10>
Package pdftex.def Info: output/sanghaefte13.pdf, page10 used on input line 5.
(pdftex.def)             Requested size: 421.4536pt x 598.00826pt.

<output/sanghaefte13.pdf, id=49, page=3, 421.10124pt x 597.50829pt>
File: output/sanghaefte13.pdf Graphic file (type pdf)

<use output/sanghaefte13.pdf, page 3>
Package pdftex.def Info: output/sanghaefte13.pdf, page3 used on input line 5.
(pdftex.def)             Requested size: 421.4536pt x 598.00826pt.
File: output/sanghaefte13.pdf Graphic file (type pdf)
 <use output/sanghaefte13.pdf, page 3>
Package pdftex.def Info: output/sanghaefte13.pdf, page3 used on input line 5.
(pdftex.def)             Requested size: 421.4536pt x 598.00826pt.
File: output/sanghaefte13.pdf Graphic file (type pdf)

<use output/sanghaefte13.pdf, page 10>
Package pdftex.def Info: output/sanghaefte13.pdf, page10 used on input line 5.
(pdftex.def)             Requested size: 421.4536pt x 598.00826pt.
File: output/sanghaefte13.pdf Graphic file (type pdf)
 <use output/sanghaefte13.pdf, page 3>
Package pdftex.def Info: output/sanghaefte13.pdf, page3 used on input line 5.
(pdftex.def)             Requested size: 421.4536pt x 598.00826pt.

[3 <./output/sanghaefte13.pdf> <./output/sanghaefte13.pdf>]
<output/sanghaefte13.pdf, id=63, page=9, 421.10124pt x 597.50829pt>
File: output/sanghaefte13.pdf Graphic file (type pdf)

<use output/sanghaefte13.pdf, page 9>
Package pdftex.def Info: output/sanghaefte13.pdf, page9 used on input line 5.
(pdftex.def)             Requested size: 421.4536pt x 598.00826pt.
File: output/sanghaefte13.pdf Graphic file (type pdf)
 <use output/sanghaefte13.pdf, page 9>
Package pdftex.def Info: output/sanghaefte13.pdf, page9 used on input line 5.
(pdftex.def)             Requested size: 421.4536pt x 598.00826pt.

<output/sanghaefte13.pdf, id=64, page=4, 421.10124pt x 597.50829pt>
File: output/sanghaefte13.pdf Graphic file (type pdf)

<use output/sanghaefte13.pdf, page 4>
Package pdftex.def Info: output/sanghaefte13.pdf, page4 used on input line 5.
(pdftex.def)             Requested size: 421.4536pt x 598.00826pt.
File: output/sanghaefte13.pdf Graphic file (type pdf)
 <use output/sanghaefte13.pdf, page 4>
Package pdftex.def Info: output/sanghaefte13.pdf, page4 used on input line 5.
(pdftex.def)             Requested size: 421.4536pt x 598.00826pt.
File: output/sanghaefte13.pdf Graphic file (type pdf)

<use output/sanghaefte13.pdf, page 9>
Package pdftex.def Info: output/sanghaefte13.pdf, page9 used on input line 5.
(pdftex.def)             Requested size: 421.4536pt x 598.00826pt.
File: output/sanghaefte13.pdf Graphic file (type pdf)
 <use output/sanghaefte13.pdf, page 4>
Package pdftex.def Info: output/sanghaefte13.pdf, page4 used on input line 5.
(pdftex.def)             Requested size: 421.4536pt x 598.00826pt.

[4 <./output/sanghaefte13.pdf> <./output/sanghaefte13.pdf>]
<output/sanghaefte13.pdf, id=78, page=8, 421.10124pt x 597.50829pt>
File: output/sanghaefte13.pdf Graphic file (type pdf)

<use output/sanghaefte13.pdf, page 8>
Package pdftex.def Info: output/sanghaefte13.pdf, page8 used on input line 5.
(pdftex.def)             Requested size: 421.4536pt x 598.00826pt.
File: output/sanghaefte13.pdf Graphic file (type pdf)
 <use output/sanghaefte13.pdf, page 8>
Package pdftex.def Info: output/sanghaefte13.pdf, page8 used on input line 5.
(pdftex.def)             Requested size: 421.4536pt x 598.00826pt.

<output/sanghaefte13.pdf, id=79, page=5, 421.10124pt x 597.50829pt>
File: output/sanghaefte13.pdf Graphic file (type pdf)

<use output/sanghaefte13.pdf, page 5>
Package pdftex.def Info: output/sanghaefte13.pdf, page5 used on input line 5.
(pdftex.def)             Requested size: 421.4536pt x 598.00826pt.
File: output/sanghaefte13.pdf Graphic file (type pdf)
 <use output/sanghaefte13.pdf, page 5>
Package pdftex.def Info: output/sanghaefte13.pdf, page5 used on input line 5.
(pdftex.def)             Requested size: 421.4536pt x 598.00826pt.
File: output/sanghaefte13.pdf Graphic file (type pdf)

<use output/sanghaefte13.pdf, page 8>
Package pdftex.def Info: output/sanghaefte13.pdf, page8 used on input line 5.
(pdftex.def)             Requested size: 421.4536pt x 598.00826pt.
File: output/sanghaefte13.pdf Graphic file (type pdf)
 <use output/sanghaefte13.pdf, page 5>
Package pdftex.def Info: output/sanghaefte13.pdf, page5 used on input line 5.
(pdftex.def)             Requested size: 421.4536pt x 598.00826pt.

[5 <./output/sanghaefte13.pdf> <./output/sanghaefte13.pdf>]
<output/sanghaefte13.pdf, id=83, page=7, 421.10124pt x 597.50829pt>
File: output/sanghaefte13.pdf Graphic file (type pdf)

<use output/sanghaefte13.pdf, page 7>
Package pdftex.def Info: output/sanghaefte13.pdf, page7 used on input line 5.
(pdftex.def)             Requested size: 421.4536pt x 598.00826pt.
File: output/sanghaefte13.pdf Graphic file (type pdf)
 <use output/sanghaefte13.pdf, page 7>
Package pdftex.def Info: output/sanghaefte13.pdf, page7 used on input line 5.
(pdftex.def)             Requested size: 421.4536pt x 598.00826pt.

<output/sanghaefte13.pdf, id=84, page=6, 421.10124pt x 597.50829pt>
File: output/sanghaefte13.pdf Graphic file (type pdf)

<use output/sanghaefte13.pdf, page 6>
Package pdftex.def Info: output/sanghaefte13.pdf, page6 used on input line 5.
(pdftex.def)             Requested size: 421.4536pt x 598.00826pt.
File: output/sanghaefte13.pdf Graphic file (type pdf)
 <use output/sanghaefte13.pdf, page 6>
Package pdftex.def Info: output/sanghaefte13.pdf, page6 used on input line 5.
(pdftex.def)             Requested size: 421.4536pt x 598.00826pt.
File: output/sanghaefte13.pdf Graphic file (type pdf)

<use output/sanghaefte13.pdf, page 7>
Package pdftex.def Info: output/sanghaefte13.pdf, page7 used on input line 5.
(pdftex.def)             Requested size: 421.4536pt x 598.00826pt.
File: output/sanghaefte13.pdf Graphic file (type pdf)
 <use output/sanghaefte13.pdf, page 6>
Package pdftex.def Info: output/sanghaefte13.pdf, page6 used on input line 5.
(pdftex.def)             Requested size: 421.4536pt x 598.00826pt.

[6 <./output/sanghaefte13.pdf> <./output/sanghaefte13.pdf>] (output/booklet.aux
) ) 
Here is how much of TeX's memory you used:
 2351 strings out of 493311
 35188 string characters out of 6143650
 95646 words of memory out of 5000000
 5796 multiletter control sequences out of 15000+600000
 3640 words of font info for 14 fonts, out of 8000000 for 9000
 957 hyphenation exceptions out of 8191
 42i,20n,49p,229b,466s stack positions out of 5000i,500n,10000p,200000b,80000s
</usr/share/texmf-dist/fonts/type1/public/amsfonts/cm/cmmi10.pfb></usr/share
/texmf-dist/fonts/type1/public/amsfonts/cm/cmr10.pfb></usr/share/texmf-dist/fon
ts/type1/public/amsfonts/cm/cmsy10.pfb></usr/share/texmf-dist/fonts/type1/publi
c/bera/fvmr8a.pfb></usr/share/texmf-dist/fonts/type1/urw/palatino/uplb8a.pfb></
usr/share/texmf-dist/fonts/type1/urw/palatino/uplbi8a.pfb></usr/share/texmf-dis
t/fonts/type1/urw/palatino/uplr8a.pfb></usr/share/texmf-dist/fonts/type1/urw/pa
latino/uplri8a.pfb>
Output written on output/booklet.pdf (6 pages, 144730 bytes).
PDF statistics:
 98 PDF objects out of 1000 (max. 8388607)
 62 compressed objects within 1 object stream
 0 named destinations out of 1000 (max. 500000)
 76 words of extra memory for PDF output out of 10000 (max. 10000000)

